<?xml version="1.0" encoding="UTF-8"?>
<!-- Generated by org.testng.reporters.JUnitXMLReporter -->
<testsuite hostname="LAPTOP-I2AH7OPB" name="testannotations" tests="22" failures="0" timestamp="28 Apr 2021 14:19:55 GMT" time="0.064" errors="0">
  <testcase name="logintest" time="0.004" classname="demoapp.Dependsclass"/>
  <testcase name="searchtest" time="0.001" classname="demoapp.Dependsclass"/>
  <testcase name="invocationmethod" time="0.001" classname="demoapp.invocationclass"/>
  <testcase name="invocationmethod" time="0.001" classname="demoapp.invocationclass"/>
  <testcase name="invocationmethod" time="0.001" classname="demoapp.invocationclass"/>
  <testcase name="invocationmethod" time="0.001" classname="demoapp.invocationclass"/>
  <testcase name="invocationmethod" time="0.001" classname="demoapp.invocationclass"/>
  <testcase name="invocationmethod" time="0.001" classname="demoapp.invocationclass"/>
  <testcase name="invocationmethod" time="0.0" classname="demoapp.invocationclass"/>
  <testcase name="invocationmethod" time="0.001" classname="demoapp.invocationclass"/>
  <testcase name="invocationmethod" time="0.001" classname="demoapp.invocationclass"/>
  <testcase name="invocationmethod" time="0.0" classname="demoapp.invocationclass"/>
  <testcase name="homepagetest" time="0.001" classname="demoapp.Dependsclass"/>
  <testcase name="logouttest" time="0.001" classname="demoapp.Dependsclass"/>
  <testcase name="newtest" time="0.001" classname="demoapp.Dependsclass"/>
  <testcase name="login" time="0.0" classname="demoapp.firstprogram"/>
  <testcase name="homepage" time="0.001" classname="demoapp.firstprogram"/>
  <testcase name="savepage" time="0.001" classname="demoapp.firstprogram"/>
  <testcase name="secondpage" time="0.001" classname="demoapp.firstprogram"/>
  <testcase name="selectelement" time="0.001" classname="demoapp.firstprogram"/>
  <testcase name="adddocuments" time="0.001" classname="demoapp.firstprogram"/>
  <testcase name="selectelement" time="0.001" classname="demoapp.secondprogram"/>
</testsuite> <!-- testannotations -->
